  gui.cpp
C:\Users\pen72\Desktop\System X\main\gui.cpp(31,9): warning C4005: '_WIN32_WINNT': macro redefinition
      C:\Program Files (x86)\Windows Kits\10\Include\10.0.22621.0\shared\sdkddkver.h(224,10):
      see previous definition of '_WIN32_WINNT'
  
C:\Users\pen72\Desktop\System X\main\gui.cpp(85,18): warning C4477: 'sprintf_s' : format string '%012X' requires an argument of type 'unsigned int', but variadic argument 5 has type '__int64'
      C:\Users\pen72\Desktop\System X\main\gui.cpp(85,18):
      consider using '%llX' in the format string
      C:\Users\pen72\Desktop\System X\main\gui.cpp(85,18):
      consider using '%I64X' in the format string
  
C:\Program Files\Microsoft Visual Studio\2022\Community\VC\Tools\MSVC\14.44.35207\include\xutility(4813,18): warning C4244: '=': conversion from 'wchar_t' to 'char', possible loss of data
  (compiling source file 'main/gui.cpp')
      C:\Program Files\Microsoft Visual Studio\2022\Community\VC\Tools\MSVC\14.44.35207\include\xutility(4813,18):
      the template instantiation context (the oldest one first) is
          C:\Users\pen72\Desktop\System X\main\gui.cpp(200,26):
          see reference to function template instantiation 'std::basic_string<char,std::char_traits<char>,std::allocator<char>>::basic_string<wchar_t*,0>(_Iter,_Iter,const _Alloc &)' being compiled
          with
          [
              _Iter=wchar_t *,
              _Alloc=std::allocator<char>
          ]
              C:\Users\pen72\Desktop\System X\main\gui.cpp(200,13):
              see the first reference to 'std::basic_string<char,std::char_traits<char>,std::allocator<char>>::basic_string' in 'FindGPURegistryPath'
          C:\Program Files\Microsoft Visual Studio\2022\Community\VC\Tools\MSVC\14.44.35207\include\xstring(812,17):
          see reference to function template instantiation 'void std::basic_string<char,std::char_traits<char>,std::allocator<char>>::_Construct_from_iter<wchar_t*,wchar_t*,_Size_type>(_Iter,const _Sent,_Size)' being compiled
          with
          [
              _Size_type=unsigned int,
              _Iter=wchar_t *,
              _Sent=wchar_t *,
              _Size=unsigned int
          ]
          C:\Program Files\Microsoft Visual Studio\2022\Community\VC\Tools\MSVC\14.44.35207\include\xstring(968,18):
          see reference to function template instantiation '_OutIt *std::_Copy_n_unchecked4<wchar_t*,_Size,char*>(_InIt,_SizeTy,_OutIt)' being compiled
          with
          [
              _OutIt=char *,
              _Size=unsigned int,
              _InIt=wchar_t *,
              _SizeTy=unsigned int
          ]
  
  Generating code
  1 of 1566 functions (<0.1%) were compiled, the rest were copied from previous compilation.
    0 functions were new in current compilation
    19 functions had inline decision re-evaluated but remain unchanged
  Finished generating code
  cheat-menu.vcxproj -> C:\Users\pen72\Desktop\System X\Release\System X.exe
